2020-06-02 12:09:05.9172|INFO|Microsoft.AspNetCore.DataProtection.KeyManagement.XmlKeyManager|User profile is available. Using 'C:\Users\yiyos\AppData\Local\ASP.NET\DataProtection-Keys' as key repository and Windows DPAPI to encrypt keys at rest.
2020-06-02 12:09:06.6704|INFO|Microsoft.AspNetCore.Hosting.Internal.WebHost|Request starting HTTP/1.1 GET http://localhost:51531/  
2020-06-02 12:09:07.1426|INFO|Microsoft.AspNetCore.Mvc.Internal.ControllerActionInvoker|Route matched with {action = "Index", controller = "Home"}. Executing controller action with signature Microsoft.AspNetCore.Mvc.ViewResult Index() on controller Ejemplo1.Controllers.HomeController (Ejemplo1).
2020-06-02 12:09:07.6910|INFO|Microsoft.AspNetCore.Mvc.Internal.ControllerActionInvoker|Executing action method Ejemplo1.Controllers.HomeController.Index (Ejemplo1) - Validation state: Valid
2020-06-02 12:09:08.0401|INFO|Microsoft.EntityFrameworkCore.Infrastructure|Entity Framework Core 2.2.6-servicing-10079 initialized 'AppDbContext' using provider 'Microsoft.EntityFrameworkCore.SqlServer' with options: MaxPoolSize=128 
2020-06-02 12:09:08.3983|INFO|Microsoft.EntityFrameworkCore.Database.Command|Executed DbCommand (6ms) [Parameters=[], CommandType='Text', CommandTimeout='30']
SELECT [a].[Id], [a].[Ciudad], [a].[Email], [a].[Nombre], [a].[rutaFoto]
FROM [AppDbContextAmigos] AS [a]
2020-06-02 12:09:08.4635|INFO|Microsoft.AspNetCore.Mvc.Internal.ControllerActionInvoker|Executed action method Ejemplo1.Controllers.HomeController.Index (Ejemplo1), returned result Microsoft.AspNetCore.Mvc.ViewResult in 761.3903ms.
2020-06-02 12:09:08.5080|INFO|Microsoft.AspNetCore.Mvc.ViewFeatures.ViewResultExecutor|Executing ViewResult, running view Index.
2020-06-02 12:09:08.9470|INFO|Microsoft.AspNetCore.Mvc.ViewFeatures.ViewResultExecutor|Executed ViewResult - view Index executed in 466.0977ms.
2020-06-02 12:09:08.9470|INFO|Microsoft.AspNetCore.Mvc.Internal.ControllerActionInvoker|Executed action Ejemplo1.Controllers.HomeController.Index (Ejemplo1) in 1804.0989ms
2020-06-02 12:09:08.9718|INFO|Microsoft.AspNetCore.Hosting.Internal.WebHost|Request finished in 2302.4797ms 200 text/html; charset=utf-8
2020-06-02 12:09:09.2531|INFO|Microsoft.AspNetCore.Hosting.Internal.WebHost|Request starting HTTP/1.1 GET http://localhost:51531/favicon.ico  
2020-06-02 12:09:09.2707|INFO|Microsoft.AspNetCore.Hosting.Internal.WebHost|Request finished in 18.6506ms 404 
2020-06-02 12:09:12.6618|INFO|Microsoft.AspNetCore.Hosting.Internal.WebHost|Request starting HTTP/1.1 GET http://localhost:51531/home/details/3  
2020-06-02 12:09:12.6872|INFO|Microsoft.AspNetCore.Mvc.Internal.ControllerActionInvoker|Route matched with {action = "Details", controller = "Home"}. Executing controller action with signature Microsoft.AspNetCore.Mvc.ViewResult Details(System.Nullable`1[System.Int32]) on controller Ejemplo1.Controllers.HomeController (Ejemplo1).
2020-06-02 12:09:12.7237|INFO|Microsoft.AspNetCore.Mvc.Internal.ControllerActionInvoker|Executing action method Ejemplo1.Controllers.HomeController.Details (Ejemplo1) - Validation state: Valid
2020-06-02 12:09:18.8678|INFO|Microsoft.AspNetCore.Mvc.Internal.ControllerActionInvoker|Executed action Ejemplo1.Controllers.HomeController.Details (Ejemplo1) in 6175.9238ms
2020-06-02 12:09:18.9506|ERROR|Microsoft.AspNetCore.Diagnostics.DeveloperExceptionPageMiddleware|An unhandled exception has occurred while executing the request.
2020-06-02 12:09:19.0394|INFO|Microsoft.AspNetCore.Hosting.Internal.WebHost|Request finished in 6377.2506ms 500 text/html; charset=utf-8
2020-06-02 12:24:19.4725|INFO|Microsoft.EntityFrameworkCore.Infrastructure|Entity Framework Core 2.2.6-servicing-10079 initialized 'AppDbContext' using provider 'Microsoft.EntityFrameworkCore.SqlServer' with options: MaxPoolSize=128 
2020-06-02 12:24:53.0976|INFO|Microsoft.EntityFrameworkCore.Infrastructure|Entity Framework Core 2.2.6-servicing-10079 initialized 'AppDbContext' using provider 'Microsoft.EntityFrameworkCore.SqlServer' with options: MaxPoolSize=128 
2020-06-02 12:24:53.3442|INFO|Microsoft.EntityFrameworkCore.Database.Command|Executed DbCommand (5ms) [Parameters=[], CommandType='Text', CommandTimeout='30']
SELECT OBJECT_ID(N'[__EFMigrationsHistory]');
2020-06-02 12:24:53.3511|INFO|Microsoft.EntityFrameworkCore.Database.Command|Executed DbCommand (2ms) [Parameters=[], CommandType='Text', CommandTimeout='30']
SELECT OBJECT_ID(N'[__EFMigrationsHistory]');
2020-06-02 12:24:53.3511|INFO|Microsoft.EntityFrameworkCore.Database.Command|Executed DbCommand (1ms) [Parameters=[], CommandType='Text', CommandTimeout='30']
SELECT [MigrationId], [ProductVersion]
FROM [__EFMigrationsHistory]
ORDER BY [MigrationId];
2020-06-02 12:24:53.3758|INFO|Microsoft.EntityFrameworkCore.Migrations|Applying migration '20200602192419_AddingIdentity'.
2020-06-02 12:24:53.4566|INFO|Microsoft.EntityFrameworkCore.Database.Command|Executed DbCommand (2ms) [Parameters=[], CommandType='Text', CommandTimeout='30']
DELETE FROM [AppDbContextAmigos]
WHERE [Id] = 1;
SELECT @@ROWCOUNT;
2020-06-02 12:24:53.4639|INFO|Microsoft.EntityFrameworkCore.Database.Command|Executed DbCommand (6ms) [Parameters=[], CommandType='Text', CommandTimeout='30']
CREATE TABLE [AspNetRoles] (
    [Id] nvarchar(450) NOT NULL,
    [Name] nvarchar(256) NULL,
    [NormalizedName] nvarchar(256) NULL,
    [ConcurrencyStamp] nvarchar(max) NULL,
    CONSTRAINT [PK_AspNetRoles] PRIMARY KEY ([Id])
);
2020-06-02 12:24:53.4639|INFO|Microsoft.EntityFrameworkCore.Database.Command|Executed DbCommand (4ms) [Parameters=[], CommandType='Text', CommandTimeout='30']
CREATE TABLE [AspNetUsers] (
    [Id] nvarchar(450) NOT NULL,
    [UserName] nvarchar(256) NULL,
    [NormalizedUserName] nvarchar(256) NULL,
    [Email] nvarchar(256) NULL,
    [NormalizedEmail] nvarchar(256) NULL,
    [EmailConfirmed] bit NOT NULL,
    [PasswordHash] nvarchar(max) NULL,
    [SecurityStamp] nvarchar(max) NULL,
    [ConcurrencyStamp] nvarchar(max) NULL,
    [PhoneNumber] nvarchar(max) NULL,
    [PhoneNumberConfirmed] bit NOT NULL,
    [TwoFactorEnabled] bit NOT NULL,
    [LockoutEnd] datetimeoffset NULL,
    [LockoutEnabled] bit NOT NULL,
    [AccessFailedCount] int NOT NULL,
    CONSTRAINT [PK_AspNetUsers] PRIMARY KEY ([Id])
);
2020-06-02 12:24:53.4639|INFO|Microsoft.EntityFrameworkCore.Database.Command|Executed DbCommand (3ms) [Parameters=[], CommandType='Text', CommandTimeout='30']
CREATE TABLE [AspNetRoleClaims] (
    [Id] int NOT NULL IDENTITY,
    [RoleId] nvarchar(450) NOT NULL,
    [ClaimType] nvarchar(max) NULL,
    [ClaimValue] nvarchar(max) NULL,
    CONSTRAINT [PK_AspNetRoleClaims] PRIMARY KEY ([Id]),
    CONSTRAINT [FK_AspNetRoleClaims_AspNetRoles_RoleId] FOREIGN KEY ([RoleId]) REFERENCES [AspNetRoles] ([Id]) ON DELETE CASCADE
);
2020-06-02 12:24:53.8997|INFO|Microsoft.EntityFrameworkCore.Database.Command|Executed DbCommand (3ms) [Parameters=[], CommandType='Text', CommandTimeout='30']
CREATE TABLE [AspNetUserClaims] (
    [Id] int NOT NULL IDENTITY,
    [UserId] nvarchar(450) NOT NULL,
    [ClaimType] nvarchar(max) NULL,
    [ClaimValue] nvarchar(max) NULL,
    CONSTRAINT [PK_AspNetUserClaims] PRIMARY KEY ([Id]),
    CONSTRAINT [FK_AspNetUserClaims_AspNetUsers_UserId] FOREIGN KEY ([UserId]) REFERENCES [AspNetUsers] ([Id]) ON DELETE CASCADE
);
2020-06-02 12:24:53.8997|INFO|Microsoft.EntityFrameworkCore.Database.Command|Executed DbCommand (3ms) [Parameters=[], CommandType='Text', CommandTimeout='30']
CREATE TABLE [AspNetUserLogins] (
    [LoginProvider] nvarchar(450) NOT NULL,
    [ProviderKey] nvarchar(450) NOT NULL,
    [ProviderDisplayName] nvarchar(max) NULL,
    [UserId] nvarchar(450) NOT NULL,
    CONSTRAINT [PK_AspNetUserLogins] PRIMARY KEY ([LoginProvider], [ProviderKey]),
    CONSTRAINT [FK_AspNetUserLogins_AspNetUsers_UserId] FOREIGN KEY ([UserId]) REFERENCES [AspNetUsers] ([Id]) ON DELETE CASCADE
);
2020-06-02 12:24:53.8997|INFO|Microsoft.EntityFrameworkCore.Database.Command|Executed DbCommand (3ms) [Parameters=[], CommandType='Text', CommandTimeout='30']
CREATE TABLE [AspNetUserRoles] (
    [UserId] nvarchar(450) NOT NULL,
    [RoleId] nvarchar(450) NOT NULL,
    CONSTRAINT [PK_AspNetUserRoles] PRIMARY KEY ([UserId], [RoleId]),
    CONSTRAINT [FK_AspNetUserRoles_AspNetRoles_RoleId] FOREIGN KEY ([RoleId]) REFERENCES [AspNetRoles] ([Id]) ON DELETE CASCADE,
    CONSTRAINT [FK_AspNetUserRoles_AspNetUsers_UserId] FOREIGN KEY ([UserId]) REFERENCES [AspNetUsers] ([Id]) ON DELETE CASCADE
);
2020-06-02 12:24:53.8997|INFO|Microsoft.EntityFrameworkCore.Database.Command|Executed DbCommand (2ms) [Parameters=[], CommandType='Text', CommandTimeout='30']
CREATE TABLE [AspNetUserTokens] (
    [UserId] nvarchar(450) NOT NULL,
    [LoginProvider] nvarchar(450) NOT NULL,
    [Name] nvarchar(450) NOT NULL,
    [Value] nvarchar(max) NULL,
    CONSTRAINT [PK_AspNetUserTokens] PRIMARY KEY ([UserId], [LoginProvider], [Name]),
    CONSTRAINT [FK_AspNetUserTokens_AspNetUsers_UserId] FOREIGN KEY ([UserId]) REFERENCES [AspNetUsers] ([Id]) ON DELETE CASCADE
);
2020-06-02 12:24:55.4772|INFO|Microsoft.EntityFrameworkCore.Database.Command|Executed DbCommand (7ms) [Parameters=[], CommandType='Text', CommandTimeout='30']
CREATE INDEX [IX_AspNetRoleClaims_RoleId] ON [AspNetRoleClaims] ([RoleId]);
2020-06-02 12:24:55.4772|INFO|Microsoft.EntityFrameworkCore.Database.Command|Executed DbCommand (4ms) [Parameters=[], CommandType='Text', CommandTimeout='30']
CREATE UNIQUE INDEX [RoleNameIndex] ON [AspNetRoles] ([NormalizedName]) WHERE [NormalizedName] IS NOT NULL;
2020-06-02 12:24:55.4772|INFO|Microsoft.EntityFrameworkCore.Database.Command|Executed DbCommand (1ms) [Parameters=[], CommandType='Text', CommandTimeout='30']
CREATE INDEX [IX_AspNetUserClaims_UserId] ON [AspNetUserClaims] ([UserId]);
2020-06-02 12:24:55.4772|INFO|Microsoft.EntityFrameworkCore.Database.Command|Executed DbCommand (1ms) [Parameters=[], CommandType='Text', CommandTimeout='30']
CREATE INDEX [IX_AspNetUserLogins_UserId] ON [AspNetUserLogins] ([UserId]);
2020-06-02 12:24:55.4772|INFO|Microsoft.EntityFrameworkCore.Database.Command|Executed DbCommand (1ms) [Parameters=[], CommandType='Text', CommandTimeout='30']
CREATE INDEX [IX_AspNetUserRoles_RoleId] ON [AspNetUserRoles] ([RoleId]);
2020-06-02 12:24:55.4772|INFO|Microsoft.EntityFrameworkCore.Database.Command|Executed DbCommand (1ms) [Parameters=[], CommandType='Text', CommandTimeout='30']
CREATE INDEX [EmailIndex] ON [AspNetUsers] ([NormalizedEmail]);
2020-06-02 12:24:55.4939|INFO|Microsoft.EntityFrameworkCore.Database.Command|Executed DbCommand (1ms) [Parameters=[], CommandType='Text', CommandTimeout='30']
CREATE UNIQUE INDEX [UserNameIndex] ON [AspNetUsers] ([NormalizedUserName]) WHERE [NormalizedUserName] IS NOT NULL;
2020-06-02 12:24:55.4939|INFO|Microsoft.EntityFrameworkCore.Database.Command|Executed DbCommand (3ms) [Parameters=[], CommandType='Text', CommandTimeout='30']
INSERT INTO [__EFMigrationsHistory] ([MigrationId], [ProductVersion])
VALUES (N'20200602192419_AddingIdentity', N'2.2.6-servicing-10079');
2020-06-02 13:04:46.1904|INFO|Microsoft.AspNetCore.DataProtection.KeyManagement.XmlKeyManager|User profile is available. Using 'C:\Users\yiyos\AppData\Local\ASP.NET\DataProtection-Keys' as key repository and Windows DPAPI to encrypt keys at rest.
2020-06-02 13:04:47.4933|INFO|Microsoft.AspNetCore.Hosting.Internal.WebHost|Request starting HTTP/1.1 GET http://localhost:51531/  
2020-06-02 13:04:48.0198|INFO|Microsoft.AspNetCore.Mvc.Internal.ControllerActionInvoker|Route matched with {action = "Index", controller = "Home"}. Executing controller action with signature Microsoft.AspNetCore.Mvc.ViewResult Index() on controller Ejemplo1.Controllers.HomeController (Ejemplo1).
2020-06-02 13:04:48.9079|INFO|Microsoft.AspNetCore.Mvc.Internal.ControllerActionInvoker|Executing action method Ejemplo1.Controllers.HomeController.Index (Ejemplo1) - Validation state: Valid
2020-06-02 13:04:49.4294|INFO|Microsoft.EntityFrameworkCore.Infrastructure|Entity Framework Core 2.2.6-servicing-10079 initialized 'AppDbContext' using provider 'Microsoft.EntityFrameworkCore.SqlServer' with options: MaxPoolSize=128 
2020-06-02 13:04:50.0165|INFO|Microsoft.EntityFrameworkCore.Database.Command|Executed DbCommand (8ms) [Parameters=[], CommandType='Text', CommandTimeout='30']
SELECT [a].[Id], [a].[Ciudad], [a].[Email], [a].[Nombre], [a].[rutaFoto]
FROM [AppDbContextAmigos] AS [a]
2020-06-02 13:04:50.1210|INFO|Microsoft.AspNetCore.Mvc.Internal.ControllerActionInvoker|Executed action method Ejemplo1.Controllers.HomeController.Index (Ejemplo1), returned result Microsoft.AspNetCore.Mvc.ViewResult in 1203.5043ms.
2020-06-02 13:04:50.1767|INFO|Microsoft.AspNetCore.Mvc.ViewFeatures.ViewResultExecutor|Executing ViewResult, running view Index.
2020-06-02 13:04:50.8035|INFO|Microsoft.AspNetCore.Mvc.ViewFeatures.ViewResultExecutor|Executed ViewResult - view Index executed in 656.8022ms.
2020-06-02 13:04:50.8128|INFO|Microsoft.AspNetCore.Mvc.Internal.ControllerActionInvoker|Executed action Ejemplo1.Controllers.HomeController.Index (Ejemplo1) in 2786.5875ms
2020-06-02 13:04:50.8294|INFO|Microsoft.AspNetCore.Hosting.Internal.WebHost|Request finished in 3339.0221ms 200 text/html; charset=utf-8
2020-06-02 13:04:50.9928|INFO|Microsoft.AspNetCore.Hosting.Internal.WebHost|Request starting HTTP/1.1 GET http://localhost:51531/images/93ffa695-63d0-4200-849d-e274dce33a54_95074273_1145615665799081_7339390190408539118_n.jpg?v=TEUazD6x_4uRMsF7TDO6vUB2nhtXRDEX68tlhySFuAs  
2020-06-02 13:04:51.0173|INFO|Microsoft.AspNetCore.StaticFiles.StaticFileMiddleware|The file /images/93ffa695-63d0-4200-849d-e274dce33a54_95074273_1145615665799081_7339390190408539118_n.jpg was not modified
2020-06-02 13:04:51.0288|INFO|Microsoft.AspNetCore.Hosting.Internal.WebHost|Request finished in 36.3653ms 304 image/jpeg
2020-06-02 13:04:51.1046|INFO|Microsoft.AspNetCore.Hosting.Internal.WebHost|Request starting HTTP/1.1 GET http://localhost:51531/images/4f375b44-9615-4430-9d0c-996dc566176a97970716_929387327512446_8495174234627112960_n.jpg?v=kIBoq1GQ0SxXV3OoEp8u-WJwxyotc7qXb-ZavDiOgcQ  
2020-06-02 13:04:51.1371|INFO|Microsoft.AspNetCore.StaticFiles.StaticFileMiddleware|The file /images/4f375b44-9615-4430-9d0c-996dc566176a97970716_929387327512446_8495174234627112960_n.jpg was not modified
2020-06-02 13:04:51.1612|INFO|Microsoft.AspNetCore.Hosting.Internal.WebHost|Request starting HTTP/1.1 GET http://localhost:51531/images/5e97d154-5801-4686-9296-b67df264e630_100932261_183268066333244_9046457483108444026_n.jpg?v=-qYXosKB9kfonkhXuAAhMEZbFHMszS1IRYkq3YRUL1M  
2020-06-02 13:04:51.1678|INFO|Microsoft.AspNetCore.Hosting.Internal.WebHost|Request finished in 56.772ms 304 image/jpeg
2020-06-02 13:04:51.1678|INFO|Microsoft.AspNetCore.StaticFiles.StaticFileMiddleware|The file /images/5e97d154-5801-4686-9296-b67df264e630_100932261_183268066333244_9046457483108444026_n.jpg was not modified
2020-06-02 13:04:51.1891|INFO|Microsoft.AspNetCore.Hosting.Internal.WebHost|Request finished in 39.9271ms 304 image/jpeg
2020-06-02 13:04:51.3437|INFO|Microsoft.AspNetCore.Hosting.Internal.WebHost|Request starting HTTP/1.1 GET http://localhost:51531/favicon.ico  
2020-06-02 13:04:51.4453|INFO|Microsoft.AspNetCore.Hosting.Internal.WebHost|Request finished in 107.9839ms 404 
2020-06-02 13:05:00.2034|INFO|Microsoft.AspNetCore.Hosting.Internal.WebHost|Request starting HTTP/1.1 GET http://localhost:51531/  
2020-06-02 13:05:00.2123|INFO|Microsoft.AspNetCore.Mvc.Internal.ControllerActionInvoker|Route matched with {action = "Index", controller = "Home"}. Executing controller action with signature Microsoft.AspNetCore.Mvc.ViewResult Index() on controller Ejemplo1.Controllers.HomeController (Ejemplo1).
2020-06-02 13:05:00.2123|INFO|Microsoft.AspNetCore.Mvc.Internal.ControllerActionInvoker|Executing action method Ejemplo1.Controllers.HomeController.Index (Ejemplo1) - Validation state: Valid
2020-06-02 13:05:00.2259|INFO|Microsoft.EntityFrameworkCore.Database.Command|Executed DbCommand (2ms) [Parameters=[], CommandType='Text', CommandTimeout='30']
SELECT [a].[Id], [a].[Ciudad], [a].[Email], [a].[Nombre], [a].[rutaFoto]
FROM [AppDbContextAmigos] AS [a]
2020-06-02 13:05:00.2259|INFO|Microsoft.AspNetCore.Mvc.Internal.ControllerActionInvoker|Executed action method Ejemplo1.Controllers.HomeController.Index (Ejemplo1), returned result Microsoft.AspNetCore.Mvc.ViewResult in 7.9924ms.
2020-06-02 13:05:00.2259|INFO|Microsoft.AspNetCore.Mvc.ViewFeatures.ViewResultExecutor|Executing ViewResult, running view Index.
2020-06-02 13:05:00.2472|INFO|Microsoft.AspNetCore.Mvc.ViewFeatures.ViewResultExecutor|Executed ViewResult - view Index executed in 7.7603ms.
2020-06-02 13:05:00.2472|INFO|Microsoft.AspNetCore.Mvc.Internal.ControllerActionInvoker|Executed action Ejemplo1.Controllers.HomeController.Index (Ejemplo1) in 35.8229ms
2020-06-02 13:05:00.2638|INFO|Microsoft.AspNetCore.Hosting.Internal.WebHost|Request finished in 60.4911ms 200 text/html; charset=utf-8
2020-06-02 13:05:01.1191|INFO|Microsoft.AspNetCore.Hosting.Internal.WebHost|Request starting HTTP/1.1 GET http://localhost:51531/home/create  
2020-06-02 13:05:01.1382|INFO|Microsoft.AspNetCore.Mvc.Internal.ControllerActionInvoker|Route matched with {action = "Create", controller = "Home"}. Executing controller action with signature Microsoft.AspNetCore.Mvc.ViewResult Create() on controller Ejemplo1.Controllers.HomeController (Ejemplo1).
2020-06-02 13:05:01.1382|INFO|Microsoft.AspNetCore.Mvc.Internal.ControllerActionInvoker|Executing action method Ejemplo1.Controllers.HomeController.Create (Ejemplo1) - Validation state: Valid
2020-06-02 13:05:01.1513|INFO|Microsoft.AspNetCore.Mvc.Internal.ControllerActionInvoker|Executed action method Ejemplo1.Controllers.HomeController.Create (Ejemplo1), returned result Microsoft.AspNetCore.Mvc.ViewResult in 0.5008ms.
2020-06-02 13:05:01.2115|INFO|Microsoft.AspNetCore.Mvc.ViewFeatures.ViewResultExecutor|Executing ViewResult, running view Create.
2020-06-02 13:05:01.4054|INFO|Microsoft.AspNetCore.Mvc.ViewFeatures.ViewResultExecutor|Executed ViewResult - view Create executed in 248.429ms.
2020-06-02 13:05:01.4172|INFO|Microsoft.AspNetCore.Mvc.Internal.ControllerActionInvoker|Executed action Ejemplo1.Controllers.HomeController.Create (Ejemplo1) in 268.9405ms
2020-06-02 13:05:01.4172|INFO|Microsoft.AspNetCore.Hosting.Internal.WebHost|Request finished in 307.154ms 200 text/html; charset=utf-8
2020-06-02 13:05:02.4895|INFO|Microsoft.AspNetCore.Hosting.Internal.WebHost|Request starting HTTP/1.1 GET http://localhost:51531/Cuentas/Registro  
2020-06-02 13:05:02.4980|INFO|Microsoft.AspNetCore.Hosting.Internal.WebHost|Request finished in 8.4531ms 404 
2020-06-02 13:05:07.6892|INFO|Microsoft.AspNetCore.Hosting.Internal.WebHost|Request starting HTTP/1.1 GET http://localhost:51531/home/create  
2020-06-02 13:05:07.6892|INFO|Microsoft.AspNetCore.Mvc.Internal.ControllerActionInvoker|Route matched with {action = "Create", controller = "Home"}. Executing controller action with signature Microsoft.AspNetCore.Mvc.ViewResult Create() on controller Ejemplo1.Controllers.HomeController (Ejemplo1).
2020-06-02 13:05:07.7028|INFO|Microsoft.AspNetCore.Mvc.Internal.ControllerActionInvoker|Executing action method Ejemplo1.Controllers.HomeController.Create (Ejemplo1) - Validation state: Valid
2020-06-02 13:05:07.7140|INFO|Microsoft.AspNetCore.Mvc.Internal.ControllerActionInvoker|Executed action method Ejemplo1.Controllers.HomeController.Create (Ejemplo1), returned result Microsoft.AspNetCore.Mvc.ViewResult in 0.0967ms.
2020-06-02 13:05:07.7140|INFO|Microsoft.AspNetCore.Mvc.ViewFeatures.ViewResultExecutor|Executing ViewResult, running view Create.
2020-06-02 13:05:07.7339|INFO|Microsoft.AspNetCore.Mvc.ViewFeatures.ViewResultExecutor|Executed ViewResult - view Create executed in 14.8614ms.
2020-06-02 13:05:07.7339|INFO|Microsoft.AspNetCore.Mvc.Internal.ControllerActionInvoker|Executed action Ejemplo1.Controllers.HomeController.Create (Ejemplo1) in 41.2762ms
2020-06-02 13:05:07.7450|INFO|Microsoft.AspNetCore.Hosting.Internal.WebHost|Request finished in 60.1856ms 200 text/html; charset=utf-8
2020-06-02 13:05:09.2061|INFO|Microsoft.AspNetCore.Hosting.Internal.WebHost|Request starting HTTP/1.1 GET http://localhost:51531/  
2020-06-02 13:05:09.2116|INFO|Microsoft.AspNetCore.Mvc.Internal.ControllerActionInvoker|Route matched with {action = "Index", controller = "Home"}. Executing controller action with signature Microsoft.AspNetCore.Mvc.ViewResult Index() on controller Ejemplo1.Controllers.HomeController (Ejemplo1).
2020-06-02 13:05:09.2116|INFO|Microsoft.AspNetCore.Mvc.Internal.ControllerActionInvoker|Executing action method Ejemplo1.Controllers.HomeController.Index (Ejemplo1) - Validation state: Valid
2020-06-02 13:05:09.2116|INFO|Microsoft.EntityFrameworkCore.Database.Command|Executed DbCommand (0ms) [Parameters=[], CommandType='Text', CommandTimeout='30']
SELECT [a].[Id], [a].[Ciudad], [a].[Email], [a].[Nombre], [a].[rutaFoto]
FROM [AppDbContextAmigos] AS [a]
2020-06-02 13:05:09.2287|INFO|Microsoft.AspNetCore.Mvc.Internal.ControllerActionInvoker|Executed action method Ejemplo1.Controllers.HomeController.Index (Ejemplo1), returned result Microsoft.AspNetCore.Mvc.ViewResult in 5.2401ms.
2020-06-02 13:05:09.2287|INFO|Microsoft.AspNetCore.Mvc.ViewFeatures.ViewResultExecutor|Executing ViewResult, running view Index.
2020-06-02 13:05:09.2287|INFO|Microsoft.AspNetCore.Mvc.ViewFeatures.ViewResultExecutor|Executed ViewResult - view Index executed in 6.4315ms.
2020-06-02 13:05:09.2484|INFO|Microsoft.AspNetCore.Mvc.Internal.ControllerActionInvoker|Executed action Ejemplo1.Controllers.HomeController.Index (Ejemplo1) in 29.5143ms
2020-06-02 13:05:09.2484|INFO|Microsoft.AspNetCore.Hosting.Internal.WebHost|Request finished in 52.5796ms 200 text/html; charset=utf-8
2020-06-02 13:05:10.5782|INFO|Microsoft.AspNetCore.Hosting.Internal.WebHost|Request starting HTTP/1.1 GET http://localhost:51531/Cuentas/Registro  
2020-06-02 13:05:10.5869|INFO|Microsoft.AspNetCore.Hosting.Internal.WebHost|Request finished in 9.6796ms 404 
2020-06-02 13:05:35.4742|INFO|Microsoft.AspNetCore.Hosting.Internal.WebHost|Request starting HTTP/1.1 GET http://localhost:51531/  
2020-06-02 13:05:35.4786|INFO|Microsoft.AspNetCore.Mvc.Internal.ControllerActionInvoker|Route matched with {action = "Index", controller = "Home"}. Executing controller action with signature Microsoft.AspNetCore.Mvc.ViewResult Index() on controller Ejemplo1.Controllers.HomeController (Ejemplo1).
2020-06-02 13:05:35.4786|INFO|Microsoft.AspNetCore.Mvc.Internal.ControllerActionInvoker|Executing action method Ejemplo1.Controllers.HomeController.Index (Ejemplo1) - Validation state: Valid
2020-06-02 13:05:35.4786|INFO|Microsoft.EntityFrameworkCore.Database.Command|Executed DbCommand (2ms) [Parameters=[], CommandType='Text', CommandTimeout='30']
SELECT [a].[Id], [a].[Ciudad], [a].[Email], [a].[Nombre], [a].[rutaFoto]
FROM [AppDbContextAmigos] AS [a]
2020-06-02 13:05:35.4962|INFO|Microsoft.AspNetCore.Mvc.Internal.ControllerActionInvoker|Executed action method Ejemplo1.Controllers.HomeController.Index (Ejemplo1), returned result Microsoft.AspNetCore.Mvc.ViewResult in 7.0434ms.
2020-06-02 13:05:35.4962|INFO|Microsoft.AspNetCore.Mvc.ViewFeatures.ViewResultExecutor|Executing ViewResult, running view Index.
2020-06-02 13:05:39.6292|INFO|Microsoft.AspNetCore.Mvc.ViewFeatures.ViewResultExecutor|Executed ViewResult - view Index executed in 4127.4814ms.
2020-06-02 13:05:39.6370|INFO|Microsoft.AspNetCore.Mvc.Internal.ControllerActionInvoker|Executed action Ejemplo1.Controllers.HomeController.Index (Ejemplo1) in 4151.3167ms
2020-06-02 13:05:39.6370|INFO|Microsoft.AspNetCore.Hosting.Internal.WebHost|Request finished in 4167.6893ms 200 text/html; charset=utf-8
2020-06-02 13:06:03.2912|INFO|Microsoft.AspNetCore.Hosting.Internal.WebHost|Request starting HTTP/1.1 GET http://localhost:51531/Cuentas/Registro  
2020-06-02 13:06:03.2912|INFO|Microsoft.AspNetCore.Hosting.Internal.WebHost|Request finished in 7.4843ms 404 
2020-06-02 13:19:56.7620|INFO|Microsoft.AspNetCore.DataProtection.KeyManagement.XmlKeyManager|User profile is available. Using 'C:\Users\yiyos\AppData\Local\ASP.NET\DataProtection-Keys' as key repository and Windows DPAPI to encrypt keys at rest.
2020-06-02 13:19:57.4812|INFO|Microsoft.AspNetCore.Hosting.Internal.WebHost|Request starting HTTP/1.1 GET http://localhost:51531/  
2020-06-02 13:19:57.8850|INFO|Microsoft.AspNetCore.Mvc.Internal.ControllerActionInvoker|Route matched with {action = "Index", controller = "Home"}. Executing controller action with signature Microsoft.AspNetCore.Mvc.ViewResult Index() on controller Ejemplo1.Controllers.HomeController (Ejemplo1).
2020-06-02 13:19:58.5156|INFO|Microsoft.AspNetCore.Mvc.Internal.ControllerActionInvoker|Executing action method Ejemplo1.Controllers.HomeController.Index (Ejemplo1) - Validation state: Valid
2020-06-02 13:19:59.0119|INFO|Microsoft.EntityFrameworkCore.Infrastructure|Entity Framework Core 2.2.6-servicing-10079 initialized 'AppDbContext' using provider 'Microsoft.EntityFrameworkCore.SqlServer' with options: MaxPoolSize=128 
2020-06-02 13:19:59.7131|INFO|Microsoft.EntityFrameworkCore.Database.Command|Executed DbCommand (22ms) [Parameters=[], CommandType='Text', CommandTimeout='30']
SELECT [a].[Id], [a].[Ciudad], [a].[Email], [a].[Nombre], [a].[rutaFoto]
FROM [AppDbContextAmigos] AS [a]
2020-06-02 13:19:59.9975|INFO|Microsoft.AspNetCore.Mvc.Internal.ControllerActionInvoker|Executed action method Ejemplo1.Controllers.HomeController.Index (Ejemplo1), returned result Microsoft.AspNetCore.Mvc.ViewResult in 1445.3273ms.
2020-06-02 13:20:00.1359|INFO|Microsoft.AspNetCore.Mvc.ViewFeatures.ViewResultExecutor|Executing ViewResult, running view Index.
2020-06-02 13:20:00.7133|INFO|Microsoft.AspNetCore.Mvc.ViewFeatures.ViewResultExecutor|Executed ViewResult - view Index executed in 680.5494ms.
2020-06-02 13:20:00.7133|INFO|Microsoft.AspNetCore.Mvc.Internal.ControllerActionInvoker|Executed action Ejemplo1.Controllers.HomeController.Index (Ejemplo1) in 2828.8415ms
2020-06-02 13:20:00.7449|INFO|Microsoft.AspNetCore.Hosting.Internal.WebHost|Request finished in 3267.6486ms 200 text/html; charset=utf-8
2020-06-02 13:20:01.2234|INFO|Microsoft.AspNetCore.Hosting.Internal.WebHost|Request starting HTTP/1.1 GET http://localhost:51531/favicon.ico  
2020-06-02 13:20:01.2950|INFO|Microsoft.AspNetCore.Hosting.Internal.WebHost|Request finished in 97.268ms 404 
2020-06-02 13:20:07.8890|INFO|Microsoft.AspNetCore.Hosting.Internal.WebHost|Request starting HTTP/1.1 GET http://localhost:51531/Cuentas/Registro  
2020-06-02 13:20:07.9089|INFO|Microsoft.AspNetCore.Mvc.Internal.ControllerActionInvoker|Route matched with {action = "Registro", controller = "Cuentas"}. Executing controller action with signature Microsoft.AspNetCore.Mvc.IActionResult Registro() on controller Ejemplo1.Controllers.CuentasController (Ejemplo1).
2020-06-02 13:20:07.9269|INFO|Microsoft.AspNetCore.Mvc.Internal.ControllerActionInvoker|Executing action method Ejemplo1.Controllers.CuentasController.Registro (Ejemplo1) - Validation state: Valid
2020-06-02 13:20:07.9322|INFO|Microsoft.AspNetCore.Mvc.Internal.ControllerActionInvoker|Executed action method Ejemplo1.Controllers.CuentasController.Registro (Ejemplo1), returned result Microsoft.AspNetCore.Mvc.ViewResult in 0.5095ms.
2020-06-02 13:20:07.9558|INFO|Microsoft.AspNetCore.Mvc.ViewFeatures.ViewResultExecutor|Executing ViewResult, running view Registro.
2020-06-02 13:20:08.0756|INFO|Microsoft.AspNetCore.Mvc.ViewFeatures.ViewResultExecutor|Executed ViewResult - view Registro executed in 137.0112ms.
2020-06-02 13:20:08.0756|INFO|Microsoft.AspNetCore.Mvc.Internal.ControllerActionInvoker|Executed action Ejemplo1.Controllers.CuentasController.Registro (Ejemplo1) in 167.4148ms
2020-06-02 13:20:08.0906|INFO|Microsoft.AspNetCore.Hosting.Internal.WebHost|Request finished in 201.1391ms 200 text/html; charset=utf-8
2020-06-02 13:20:13.8236|INFO|Microsoft.AspNetCore.Hosting.Internal.WebHost|Request starting HTTP/1.1 POST http://localhost:51531/Cuentas/Registro application/x-www-form-urlencoded 200
2020-06-02 13:20:13.8733|INFO|Microsoft.AspNetCore.Mvc.Internal.ControllerActionInvoker|Route matched with {action = "Registro", controller = "Cuentas"}. Executing controller action with signature System.Threading.Tasks.Task`1[Microsoft.AspNetCore.Mvc.IActionResult] Registro(Ejemplo1.ViewModels.RegistroModelo) on controller Ejemplo1.Controllers.CuentasController (Ejemplo1).
2020-06-02 13:20:13.9604|INFO|Microsoft.AspNetCore.Mvc.Internal.ControllerActionInvoker|Executing action method Ejemplo1.Controllers.CuentasController.Registro (Ejemplo1) - Validation state: Invalid
2020-06-02 13:20:13.9711|INFO|Microsoft.AspNetCore.Mvc.Internal.ControllerActionInvoker|Executed action method Ejemplo1.Controllers.CuentasController.Registro (Ejemplo1), returned result Microsoft.AspNetCore.Mvc.ViewResult in 4.6804ms.
2020-06-02 13:20:13.9711|INFO|Microsoft.AspNetCore.Mvc.ViewFeatures.ViewResultExecutor|Executing ViewResult, running view Registro.
2020-06-02 13:20:14.0013|INFO|Microsoft.AspNetCore.Mvc.ViewFeatures.ViewResultExecutor|Executed ViewResult - view Registro executed in 11.8666ms.
2020-06-02 13:20:14.0149|INFO|Microsoft.AspNetCore.Mvc.Internal.ControllerActionInvoker|Executed action Ejemplo1.Controllers.CuentasController.Registro (Ejemplo1) in 133.648ms
2020-06-02 13:20:14.0149|INFO|Microsoft.AspNetCore.Hosting.Internal.WebHost|Request finished in 198.326ms 200 text/html; charset=utf-8
2020-06-02 13:20:36.0379|INFO|Microsoft.AspNetCore.Hosting.Internal.WebHost|Request starting HTTP/1.1 POST http://localhost:51531/Cuentas/Registro application/x-www-form-urlencoded 224
2020-06-02 13:20:36.0461|INFO|Microsoft.AspNetCore.Mvc.Internal.ControllerActionInvoker|Route matched with {action = "Registro", controller = "Cuentas"}. Executing controller action with signature System.Threading.Tasks.Task`1[Microsoft.AspNetCore.Mvc.IActionResult] Registro(Ejemplo1.ViewModels.RegistroModelo) on controller Ejemplo1.Controllers.CuentasController (Ejemplo1).
2020-06-02 13:20:36.0461|INFO|Microsoft.AspNetCore.Mvc.Internal.ControllerActionInvoker|Executing action method Ejemplo1.Controllers.CuentasController.Registro (Ejemplo1) - Validation state: Invalid
2020-06-02 13:20:36.0566|INFO|Microsoft.AspNetCore.Mvc.Internal.ControllerActionInvoker|Executed action method Ejemplo1.Controllers.CuentasController.Registro (Ejemplo1), returned result Microsoft.AspNetCore.Mvc.ViewResult in 0.1307ms.
2020-06-02 13:20:36.0566|INFO|Microsoft.AspNetCore.Mvc.ViewFeatures.ViewResultExecutor|Executing ViewResult, running view Registro.
2020-06-02 13:20:36.0566|INFO|Microsoft.AspNetCore.Mvc.ViewFeatures.ViewResultExecutor|Executed ViewResult - view Registro executed in 6.7084ms.
2020-06-02 13:20:36.0842|INFO|Microsoft.AspNetCore.Mvc.Internal.ControllerActionInvoker|Executed action Ejemplo1.Controllers.CuentasController.Registro (Ejemplo1) in 30.9086ms
2020-06-02 13:20:36.0900|INFO|Microsoft.AspNetCore.Hosting.Internal.WebHost|Request finished in 51.739ms 200 text/html; charset=utf-8
2020-06-02 13:21:00.3742|INFO|Microsoft.AspNetCore.Hosting.Internal.WebHost|Request starting HTTP/1.1 POST http://localhost:51531/Cuentas/Registro application/x-www-form-urlencoded 229
2020-06-02 13:21:00.3827|INFO|Microsoft.AspNetCore.Mvc.Internal.ControllerActionInvoker|Route matched with {action = "Registro", controller = "Cuentas"}. Executing controller action with signature System.Threading.Tasks.Task`1[Microsoft.AspNetCore.Mvc.IActionResult] Registro(Ejemplo1.ViewModels.RegistroModelo) on controller Ejemplo1.Controllers.CuentasController (Ejemplo1).
2020-06-02 13:21:00.3827|INFO|Microsoft.AspNetCore.Mvc.Internal.ControllerActionInvoker|Executing action method Ejemplo1.Controllers.CuentasController.Registro (Ejemplo1) - Validation state: Invalid
2020-06-02 13:21:00.3827|INFO|Microsoft.AspNetCore.Mvc.Internal.ControllerActionInvoker|Executed action method Ejemplo1.Controllers.CuentasController.Registro (Ejemplo1), returned result Microsoft.AspNetCore.Mvc.ViewResult in 0.0417ms.
2020-06-02 13:21:00.3990|INFO|Microsoft.AspNetCore.Mvc.ViewFeatures.ViewResultExecutor|Executing ViewResult, running view Registro.
2020-06-02 13:21:00.4220|INFO|Microsoft.AspNetCore.Mvc.ViewFeatures.ViewResultExecutor|Executed ViewResult - view Registro executed in 11.8239ms.
2020-06-02 13:21:00.4353|INFO|Microsoft.AspNetCore.Mvc.Internal.ControllerActionInvoker|Executed action Ejemplo1.Controllers.CuentasController.Registro (Ejemplo1) in 40.0033ms
2020-06-02 13:21:00.4353|INFO|Microsoft.AspNetCore.Hosting.Internal.WebHost|Request finished in 66.2642ms 200 text/html; charset=utf-8
2020-06-02 13:22:18.2687|INFO|Microsoft.AspNetCore.Hosting.Internal.WebHost|Request starting HTTP/1.1 POST http://localhost:51531/Cuentas/Registro application/x-www-form-urlencoded 229
2020-06-02 13:22:18.2777|INFO|Microsoft.AspNetCore.Mvc.Internal.ControllerActionInvoker|Route matched with {action = "Registro", controller = "Cuentas"}. Executing controller action with signature System.Threading.Tasks.Task`1[Microsoft.AspNetCore.Mvc.IActionResult] Registro(Ejemplo1.ViewModels.RegistroModelo) on controller Ejemplo1.Controllers.CuentasController (Ejemplo1).
2020-06-02 13:22:18.2777|INFO|Microsoft.AspNetCore.Mvc.Internal.ControllerActionInvoker|Executing action method Ejemplo1.Controllers.CuentasController.Registro (Ejemplo1) - Validation state: Invalid
2020-06-02 13:22:18.2777|INFO|Microsoft.AspNetCore.Mvc.Internal.ControllerActionInvoker|Executed action method Ejemplo1.Controllers.CuentasController.Registro (Ejemplo1), returned result Microsoft.AspNetCore.Mvc.ViewResult in 0.0457ms.
2020-06-02 13:22:21.8494|INFO|Microsoft.AspNetCore.Mvc.ViewFeatures.ViewResultExecutor|Executing ViewResult, running view Registro.
2020-06-02 13:22:21.8954|INFO|Microsoft.AspNetCore.Mvc.ViewFeatures.ViewResultExecutor|Executed ViewResult - view Registro executed in 3602.2814ms.
2020-06-02 13:22:21.9079|INFO|Microsoft.AspNetCore.Mvc.Internal.ControllerActionInvoker|Executed action Ejemplo1.Controllers.CuentasController.Registro (Ejemplo1) in 3617.869ms
2020-06-02 13:22:21.9151|INFO|Microsoft.AspNetCore.Hosting.Internal.WebHost|Request finished in 3651.8452ms 200 text/html; charset=utf-8
2020-06-02 13:22:38.1374|INFO|Microsoft.AspNetCore.Hosting.Internal.WebHost|Request starting HTTP/1.1 POST http://localhost:51531/Cuentas/Registro application/x-www-form-urlencoded 245
2020-06-02 13:22:38.1374|INFO|Microsoft.AspNetCore.Mvc.Internal.ControllerActionInvoker|Route matched with {action = "Registro", controller = "Cuentas"}. Executing controller action with signature System.Threading.Tasks.Task`1[Microsoft.AspNetCore.Mvc.IActionResult] Registro(Ejemplo1.ViewModels.RegistroModelo) on controller Ejemplo1.Controllers.CuentasController (Ejemplo1).
2020-06-02 13:22:38.1590|INFO|Microsoft.AspNetCore.Mvc.Internal.ControllerActionInvoker|Executing action method Ejemplo1.Controllers.CuentasController.Registro (Ejemplo1) - Validation state: Valid
2020-06-02 13:22:38.1998|WARN|Microsoft.AspNetCore.Identity.UserManager|User 54704625-aeb2-4c3a-85c2-8e699603428f password validation failed: PasswordRequiresNonAlphanumeric;PasswordRequiresUpper.
2020-06-02 13:22:38.1998|INFO|Microsoft.AspNetCore.Mvc.Internal.ControllerActionInvoker|Executed action method Ejemplo1.Controllers.CuentasController.Registro (Ejemplo1), returned result Microsoft.AspNetCore.Mvc.ViewResult in 37.4765ms.
2020-06-02 13:22:38.1998|INFO|Microsoft.AspNetCore.Mvc.ViewFeatures.ViewResultExecutor|Executing ViewResult, running view Registro.
2020-06-02 13:22:38.2151|INFO|Microsoft.AspNetCore.Mvc.ViewFeatures.ViewResultExecutor|Executed ViewResult - view Registro executed in 7.2587ms.
2020-06-02 13:22:38.2286|INFO|Microsoft.AspNetCore.Mvc.Internal.ControllerActionInvoker|Executed action Ejemplo1.Controllers.CuentasController.Registro (Ejemplo1) in 72.6452ms
2020-06-02 13:22:38.2286|INFO|Microsoft.AspNetCore.Hosting.Internal.WebHost|Request finished in 98.9845ms 200 text/html; charset=utf-8
2020-06-02 13:22:55.9952|INFO|Microsoft.AspNetCore.Hosting.Internal.WebHost|Request starting HTTP/1.1 POST http://localhost:51531/Cuentas/Registro application/x-www-form-urlencoded 245
2020-06-02 13:22:55.9952|INFO|Microsoft.AspNetCore.Mvc.Internal.ControllerActionInvoker|Route matched with {action = "Registro", controller = "Cuentas"}. Executing controller action with signature System.Threading.Tasks.Task`1[Microsoft.AspNetCore.Mvc.IActionResult] Registro(Ejemplo1.ViewModels.RegistroModelo) on controller Ejemplo1.Controllers.CuentasController (Ejemplo1).
2020-06-02 13:22:55.9952|INFO|Microsoft.AspNetCore.Mvc.Internal.ControllerActionInvoker|Executing action method Ejemplo1.Controllers.CuentasController.Registro (Ejemplo1) - Validation state: Valid
2020-06-02 13:22:56.0100|WARN|Microsoft.AspNetCore.Identity.UserManager|User 2bfbf6fb-eb76-4aed-bf65-c40cbe9085ba password validation failed: PasswordRequiresNonAlphanumeric.
2020-06-02 13:22:56.0100|INFO|Microsoft.AspNetCore.Mvc.Internal.ControllerActionInvoker|Executed action method Ejemplo1.Controllers.CuentasController.Registro (Ejemplo1), returned result Microsoft.AspNetCore.Mvc.ViewResult in 4.6165ms.
2020-06-02 13:22:56.0100|INFO|Microsoft.AspNetCore.Mvc.ViewFeatures.ViewResultExecutor|Executing ViewResult, running view Registro.
2020-06-02 13:22:56.0287|INFO|Microsoft.AspNetCore.Mvc.ViewFeatures.ViewResultExecutor|Executed ViewResult - view Registro executed in 6.8206ms.
2020-06-02 13:22:56.0287|INFO|Microsoft.AspNetCore.Mvc.Internal.ControllerActionInvoker|Executed action Ejemplo1.Controllers.CuentasController.Registro (Ejemplo1) in 28.4429ms
2020-06-02 13:22:56.0396|INFO|Microsoft.AspNetCore.Hosting.Internal.WebHost|Request finished in 48.9377ms 200 text/html; charset=utf-8
2020-06-02 13:23:22.9983|INFO|Microsoft.AspNetCore.Hosting.Internal.WebHost|Request starting HTTP/1.1 POST http://localhost:51531/Cuentas/Registro application/x-www-form-urlencoded 247
2020-06-02 13:23:22.9983|INFO|Microsoft.AspNetCore.Mvc.Internal.ControllerActionInvoker|Route matched with {action = "Registro", controller = "Cuentas"}. Executing controller action with signature System.Threading.Tasks.Task`1[Microsoft.AspNetCore.Mvc.IActionResult] Registro(Ejemplo1.ViewModels.RegistroModelo) on controller Ejemplo1.Controllers.CuentasController (Ejemplo1).
2020-06-02 13:23:23.0156|INFO|Microsoft.AspNetCore.Mvc.Internal.ControllerActionInvoker|Executing action method Ejemplo1.Controllers.CuentasController.Registro (Ejemplo1) - Validation state: Valid
2020-06-02 13:23:23.0249|WARN|Microsoft.AspNetCore.Identity.UserManager|User ba2f5103-3887-41fc-99ac-bf94776f0002 password validation failed: PasswordRequiresUpper.
2020-06-02 13:23:23.0249|INFO|Microsoft.AspNetCore.Mvc.Internal.ControllerActionInvoker|Executed action method Ejemplo1.Controllers.CuentasController.Registro (Ejemplo1), returned result Microsoft.AspNetCore.Mvc.ViewResult in 9.9865ms.
2020-06-02 13:23:23.0382|INFO|Microsoft.AspNetCore.Mvc.ViewFeatures.ViewResultExecutor|Executing ViewResult, running view Registro.
2020-06-02 13:23:23.0382|INFO|Microsoft.AspNetCore.Mvc.ViewFeatures.ViewResultExecutor|Executed ViewResult - view Registro executed in 9.2747ms.
2020-06-02 13:23:23.0549|INFO|Microsoft.AspNetCore.Mvc.Internal.ControllerActionInvoker|Executed action Ejemplo1.Controllers.CuentasController.Registro (Ejemplo1) in 42.0644ms
2020-06-02 13:23:23.0549|INFO|Microsoft.AspNetCore.Hosting.Internal.WebHost|Request finished in 63.7094ms 200 text/html; charset=utf-8
2020-06-02 13:23:32.3871|INFO|Microsoft.AspNetCore.Hosting.Internal.WebHost|Request starting HTTP/1.1 POST http://localhost:51531/Cuentas/Registro application/x-www-form-urlencoded 247
2020-06-02 13:23:32.3871|INFO|Microsoft.AspNetCore.Mvc.Internal.ControllerActionInvoker|Route matched with {action = "Registro", controller = "Cuentas"}. Executing controller action with signature System.Threading.Tasks.Task`1[Microsoft.AspNetCore.Mvc.IActionResult] Registro(Ejemplo1.ViewModels.RegistroModelo) on controller Ejemplo1.Controllers.CuentasController (Ejemplo1).
2020-06-02 13:23:32.3871|INFO|Microsoft.AspNetCore.Mvc.Internal.ControllerActionInvoker|Executing action method Ejemplo1.Controllers.CuentasController.Registro (Ejemplo1) - Validation state: Valid
2020-06-02 13:23:32.6341|INFO|Microsoft.EntityFrameworkCore.Database.Command|Executed DbCommand (32ms) [Parameters=[@__normalizedUserName_0='?' (Size = 256)], CommandType='Text', CommandTimeout='30']
SELECT TOP(1) [u].[Id], [u].[AccessFailedCount], [u].[ConcurrencyStamp], [u].[Email], [u].[EmailConfirmed], [u].[LockoutEnabled], [u].[LockoutEnd], [u].[NormalizedEmail], [u].[NormalizedUserName], [u].[PasswordHash], [u].[PhoneNumber], [u].[PhoneNumberConfirmed], [u].[SecurityStamp], [u].[TwoFactorEnabled], [u].[UserName]
FROM [AspNetUsers] AS [u]
WHERE [u].[NormalizedUserName] = @__normalizedUserName_0
2020-06-02 13:23:32.9119|INFO|Microsoft.EntityFrameworkCore.Database.Command|Executed DbCommand (17ms) [Parameters=[@p0='?' (Size = 450), @p1='?' (DbType = Int32), @p2='?' (Size = 4000), @p3='?' (Size = 256), @p4='?' (DbType = Boolean), @p5='?' (DbType = Boolean), @p6='?' (DbType = DateTimeOffset), @p7='?' (Size = 256), @p8='?' (Size = 256), @p9='?' (Size = 4000), @p10='?' (Size = 4000), @p11='?' (DbType = Boolean), @p12='?' (Size = 4000), @p13='?' (DbType = Boolean), @p14='?' (Size = 256)], CommandType='Text', CommandTimeout='30']
SET NOCOUNT ON;
INSERT INTO [AspNetUsers] ([Id], [AccessFailedCount], [ConcurrencyStamp], [Email], [EmailConfirmed], [LockoutEnabled], [LockoutEnd], [NormalizedEmail], [NormalizedUserName], [PasswordHash], [PhoneNumber], [PhoneNumberConfirmed], [SecurityStamp], [TwoFactorEnabled], [UserName])
VALUES (@p0, @p1, @p2, @p3, @p4, @p5, @p6, @p7, @p8, @p9, @p10, @p11, @p12, @p13, @p14);
2020-06-02 13:23:33.0166|INFO|Microsoft.EntityFrameworkCore.Database.Command|Executed DbCommand (3ms) [Parameters=[@__user_Id_0='?' (Size = 450)], CommandType='Text', CommandTimeout='30']
SELECT [uc].[Id], [uc].[ClaimType], [uc].[ClaimValue], [uc].[UserId]
FROM [AspNetUserClaims] AS [uc]
WHERE [uc].[UserId] = @__user_Id_0
2020-06-02 13:23:33.0961|INFO|Microsoft.EntityFrameworkCore.Database.Command|Executed DbCommand (5ms) [Parameters=[@__userId_0='?' (Size = 450)], CommandType='Text', CommandTimeout='30']
SELECT [role].[Name]
FROM [AspNetUserRoles] AS [userRole]
INNER JOIN [AspNetRoles] AS [role] ON [userRole].[RoleId] = [role].[Id]
WHERE [userRole].[UserId] = @__userId_0
2020-06-02 13:23:33.1351|INFO|Microsoft.AspNetCore.Authentication.Cookies.CookieAuthenticationHandler|AuthenticationScheme: Identity.Application signed in.
2020-06-02 13:23:33.1351|INFO|Microsoft.AspNetCore.Mvc.Internal.ControllerActionInvoker|Executed action method Ejemplo1.Controllers.CuentasController.Registro (Ejemplo1), returned result Microsoft.AspNetCore.Mvc.RedirectToActionResult in 742.6077ms.
2020-06-02 13:23:33.1575|INFO|Microsoft.AspNetCore.Mvc.RedirectToActionResult|Executing RedirectResult, redirecting to /.
2020-06-02 13:23:33.1661|INFO|Microsoft.AspNetCore.Mvc.Internal.ControllerActionInvoker|Executed action Ejemplo1.Controllers.CuentasController.Registro (Ejemplo1) in 770.2943ms
2020-06-02 13:23:33.1661|INFO|Microsoft.AspNetCore.Hosting.Internal.WebHost|Request finished in 798.3922ms 302 
2020-06-02 13:23:33.1810|INFO|Microsoft.AspNetCore.Hosting.Internal.WebHost|Request starting HTTP/1.1 GET http://localhost:51531/  
2020-06-02 13:23:33.1810|INFO|Microsoft.AspNetCore.Mvc.Internal.ControllerActionInvoker|Route matched with {action = "Index", controller = "Home"}. Executing controller action with signature Microsoft.AspNetCore.Mvc.ViewResult Index() on controller Ejemplo1.Controllers.HomeController (Ejemplo1).
2020-06-02 13:23:33.1953|INFO|Microsoft.AspNetCore.Mvc.Internal.ControllerActionInvoker|Executing action method Ejemplo1.Controllers.HomeController.Index (Ejemplo1) - Validation state: Valid
2020-06-02 13:23:33.1953|INFO|Microsoft.EntityFrameworkCore.Database.Command|Executed DbCommand (2ms) [Parameters=[], CommandType='Text', CommandTimeout='30']
SELECT [a].[Id], [a].[Ciudad], [a].[Email], [a].[Nombre], [a].[rutaFoto]
FROM [AppDbContextAmigos] AS [a]
2020-06-02 13:23:33.1953|INFO|Microsoft.AspNetCore.Mvc.Internal.ControllerActionInvoker|Executed action method Ejemplo1.Controllers.HomeController.Index (Ejemplo1), returned result Microsoft.AspNetCore.Mvc.ViewResult in 7.6543ms.
2020-06-02 13:23:33.2141|INFO|Microsoft.AspNetCore.Mvc.ViewFeatures.ViewResultExecutor|Executing ViewResult, running view Index.
2020-06-02 13:23:33.2141|INFO|Microsoft.AspNetCore.Mvc.ViewFeatures.ViewResultExecutor|Executed ViewResult - view Index executed in 9.3639ms.
2020-06-02 13:23:33.2337|INFO|Microsoft.AspNetCore.Mvc.Internal.ControllerActionInvoker|Executed action Ejemplo1.Controllers.HomeController.Index (Ejemplo1) in 40.2077ms
2020-06-02 13:23:33.2422|INFO|Microsoft.AspNetCore.Hosting.Internal.WebHost|Request finished in 58.4241ms 200 text/html; charset=utf-8
